********** QR24 **********

X
-0.000193582     0.994403     0.105582    0.0603103
    0.696616    0.0758838    -0.713408     0.070968
   -0.717436    0.0734176    -0.692741   -0.0719306
           0            0            0            1

Y
 -0.983535  0.0163488   0.179979 -0.0669347
  -0.17461   0.170792  -0.969712    1.81139
-0.0465925  -0.985171  -0.165125   0.665069
         0          0          0          1

Translation Errors
Train set 1(0.00117545 ± 2.88985e-07) mm
Train set 2(0.00120141 ± 2.86931e-07) mm
Train set 3(0.00122819 ± 3.02076e-07) mm
Train set 4(0.00112242 ± 2.75251e-07) mm
Train set 5(0.00108519 ± 2.61534e-07) mm
Train set 6(0.00107105 ± 2.52214e-07) mm
Train set 7(0.0011573 ± 2.8961e-07) mm
Train set 8(0.00100214 ± 2.88198e-07) mm
Train set 9(0.000994 ± 2.76164e-07) mm

Rotation Errors
Train set 1 (0.205211 ± 0.000317817)°
Train set 2 (0.206913 ± 0.000325242)°
Train set 3 (0.203768 ± 0.000331204)°
Train set 4 (0.205472 ± 0.00032846)°
Train set 5 (0.204312 ± 0.000328419)°
Train set 6 (0.206787 ± 0.000331568)°
Train set 7 (0.208342 ± 0.000353528)°
Train set 8 (0.20395 ± 0.000322868)°
Train set 9 (0.200882 ± 0.000326852)°
