********** QR24 **********

X
-0.00783606  0.00397988   -0.999936   0.0697386
  -0.707591    0.706557  0.00835769   0.0504887
   0.706576    0.707609  -0.0027208   -0.153562
          0           0           0           1

Y
 -0.937068  -0.019565   0.348598  -0.615534
 -0.349144  0.0484491  -0.935816    1.61184
0.00141995  -0.998634 -0.0522311   0.592902
         0          0          0          1

Translation Errors
Train set 1(0.00238739 ± 6.11408e-07) mm
Train set 2(0.00216873 ± 4.1928e-07) mm
Train set 3(0.00179345 ± 3.75024e-07) mm
Train set 4(0.00168391 ± 4.25726e-07) mm
Train set 5(0.00170429 ± 3.19327e-07) mm
Train set 6(0.00163865 ± 2.54753e-07) mm
Train set 7(0.00166428 ± 2.70688e-07) mm
Train set 8(0.00166433 ± 2.82601e-07) mm
Train set 9(0.00158672 ± 3.86303e-07) mm

Rotation Errors
Train set 1 (0.384254 ± 0.000849618)°
Train set 2 (0.395903 ± 0.000840458)°
Train set 3 (0.395654 ± 0.000826583)°
Train set 4 (0.388943 ± 0.000846242)°
Train set 5 (0.389943 ± 0.000803492)°
Train set 6 (0.383261 ± 0.000752198)°
Train set 7 (0.389274 ± 0.000733508)°
Train set 8 (0.389453 ± 0.000731079)°
Train set 9 (0.381002 ± 0.000758575)°
