\BOOKMARK [1][]{Outline1}{Contents}{}% 1
\BOOKMARK [2][]{Outline1.1}{Motivation}{Outline1}% 2
\BOOKMARK [2][]{Outline1.2}{Motivation}{Outline1}% 3
\BOOKMARK [2][]{Outline1.3}{Robotic Data Acquisition System Setup}{Outline1}% 4
\BOOKMARK [2][]{Outline1.4}{Pre-Data Acquisition steps}{Outline1}% 5
\BOOKMARK [2][]{Outline1.5}{Pre-Data Acquisition steps}{Outline1}% 6
\BOOKMARK [2][]{Outline1.6}{Pre-Data Acquisition steps}{Outline1}% 7
\BOOKMARK [2][]{Outline1.7}{Pre-Data Acquisition steps}{Outline1}% 8
\BOOKMARK [2][]{Outline1.8}{Pre-Data Acquisition steps}{Outline1}% 9
\BOOKMARK [2][]{Outline1.9}{Data Acquisition}{Outline1}% 10
\BOOKMARK [2][]{Outline1.10}{Data Acquisition}{Outline1}% 11
\BOOKMARK [2][]{Outline1.11}{Accuracy of measurement}{Outline1}% 12
\BOOKMARK [2][]{Outline1.12}{Accuracy of measurement}{Outline1}% 13
\BOOKMARK [2][]{Outline1.13}{Accuracy of measurement}{Outline1}% 14
\BOOKMARK [2][]{Outline1.14}{Accuracy of measurement}{Outline1}% 15
\BOOKMARK [2][]{Outline1.15}{Accuracy of measurement}{Outline1}% 16
\BOOKMARK [2][]{Outline1.16}{visualization}{Outline1}% 17
\BOOKMARK [2][]{Outline1.17}{visualization}{Outline1}% 18
\BOOKMARK [2][]{Outline1.18}{consulsion}{Outline1}% 19
\BOOKMARK [2][]{Outline1.19}{consulsion}{Outline1}% 20
\BOOKMARK [2][]{Outline1.20}{consulsion}{Outline1}% 21
\BOOKMARK [2][]{Outline1.21}{Pre-Data Acquisition steps}{Outline1}% 22
